c:\workspace\stationchecktool\build\src\taskfinishclient\taskfinishclient.dir\debug\vc120.pdb
c:\workspace\stationchecktool\build\src\taskfinishclient\taskfinishclient.dir\debug\taskfinish_imply.obj
c:\workspace\stationchecktool\build\src\taskfinishclient\taskfinishclient.dir\debug\str_codec.obj
c:\workspace\stationchecktool\build\src\taskfinishclient\taskfinishclient.dir\debug\stdsoap2.obj
c:\workspace\stationchecktool\build\src\taskfinishclient\taskfinishclient.dir\debug\envc.obj
c:\workspace\stationchecktool\build\src\taskfinishclient\taskfinishclient.dir\debug\taskfinishclient.obj
c:\workspace\stationchecktool\build\src\taskfinishclient\taskfinishclient.dir\debug\taskfinishc.obj
c:\workspace\stationchecktool\build\src\taskfinishclient\cmakefiles\generate.stamp
c:\workspace\stationchecktool\temp\taskfinishclient\debug\taskfinishclient.ilk
c:\workspace\stationchecktool\temp\taskfinishclient\debug\taskfinishclient.dll
c:\workspace\stationchecktool\temp\taskfinishclient\debug\taskfinishclient.pdb
c:\workspace\stationchecktool\temp\taskfinishclient\debug\taskfinishclient.lib
c:\workspace\stationchecktool\temp\taskfinishclient\debug\taskfinishclient.exp
c:\workspace\stationchecktool\build\src\taskfinishclient\taskfinishclient.dir\debug\taskfinishclient.tlog\cl.command.1.tlog
c:\workspace\stationchecktool\build\src\taskfinishclient\taskfinishclient.dir\debug\taskfinishclient.tlog\cl.read.1.tlog
c:\workspace\stationchecktool\build\src\taskfinishclient\taskfinishclient.dir\debug\taskfinishclient.tlog\cl.write.1.tlog
c:\workspace\stationchecktool\build\src\taskfinishclient\taskfinishclient.dir\debug\taskfinishclient.tlog\custombuild.command.1.tlog
c:\workspace\stationchecktool\build\src\taskfinishclient\taskfinishclient.dir\debug\taskfinishclient.tlog\custombuild.read.1.tlog
c:\workspace\stationchecktool\build\src\taskfinishclient\taskfinishclient.dir\debug\taskfinishclient.tlog\custombuild.write.1.tlog
c:\workspace\stationchecktool\build\src\taskfinishclient\taskfinishclient.dir\debug\taskfinishclient.tlog\link.command.1.tlog
c:\workspace\stationchecktool\build\src\taskfinishclient\taskfinishclient.dir\debug\taskfinishclient.tlog\link.read.1.tlog
c:\workspace\stationchecktool\build\src\taskfinishclient\taskfinishclient.dir\debug\taskfinishclient.tlog\link.write.1.tlog
c:\workspace\stationchecktool\build\src\taskfinishclient\taskfinishclient.dir\debug\taskfinishclient.tlog\taskfinishclient.write.1u.tlog
