c:\workspace\stationchecktool\build\src\taskdataclient\taskdataclient.dir\debug\vc120.pdb
c:\workspace\stationchecktool\build\src\taskdataclient\taskdataclient.dir\debug\taskdata_imply.obj
c:\workspace\stationchecktool\build\src\taskdataclient\taskdataclient.dir\debug\str_codec.obj
c:\workspace\stationchecktool\build\src\taskdataclient\taskdataclient.dir\debug\stdsoap2.obj
c:\workspace\stationchecktool\build\src\taskdataclient\taskdataclient.dir\debug\envc.obj
c:\workspace\stationchecktool\build\src\taskdataclient\taskdataclient.dir\debug\taskdataclient.obj
c:\workspace\stationchecktool\build\src\taskdataclient\taskdataclient.dir\debug\taskdatac.obj
c:\workspace\stationchecktool\build\src\taskdataclient\cmakefiles\generate.stamp
c:\workspace\stationchecktool\temp\taskdataclient\debug\taskdataclient.ilk
c:\workspace\stationchecktool\temp\taskdataclient\debug\taskdataclient.dll
c:\workspace\stationchecktool\temp\taskdataclient\debug\taskdataclient.pdb
c:\workspace\stationchecktool\temp\taskdataclient\debug\taskdataclient.lib
c:\workspace\stationchecktool\temp\taskdataclient\debug\taskdataclient.exp
c:\workspace\stationchecktool\build\src\taskdataclient\taskdataclient.dir\debug\taskdataclient.tlog\cl.command.1.tlog
c:\workspace\stationchecktool\build\src\taskdataclient\taskdataclient.dir\debug\taskdataclient.tlog\cl.read.1.tlog
c:\workspace\stationchecktool\build\src\taskdataclient\taskdataclient.dir\debug\taskdataclient.tlog\cl.write.1.tlog
c:\workspace\stationchecktool\build\src\taskdataclient\taskdataclient.dir\debug\taskdataclient.tlog\custombuild.command.1.tlog
c:\workspace\stationchecktool\build\src\taskdataclient\taskdataclient.dir\debug\taskdataclient.tlog\custombuild.read.1.tlog
c:\workspace\stationchecktool\build\src\taskdataclient\taskdataclient.dir\debug\taskdataclient.tlog\custombuild.write.1.tlog
c:\workspace\stationchecktool\build\src\taskdataclient\taskdataclient.dir\debug\taskdataclient.tlog\link.command.1.tlog
c:\workspace\stationchecktool\build\src\taskdataclient\taskdataclient.dir\debug\taskdataclient.tlog\link.read.1.tlog
c:\workspace\stationchecktool\build\src\taskdataclient\taskdataclient.dir\debug\taskdataclient.tlog\link.write.1.tlog
c:\workspace\stationchecktool\build\src\taskdataclient\taskdataclient.dir\debug\taskdataclient.tlog\taskdataclient.write.1u.tlog
