c:\workspace\stationchecktool\build\src\robotdataclient\robotdataclient.dir\debug\vc120.pdb
c:\workspace\stationchecktool\build\src\robotdataclient\robotdataclient.dir\debug\str_codec.obj
c:\workspace\stationchecktool\build\src\robotdataclient\robotdataclient.dir\debug\stdsoap2.obj
c:\workspace\stationchecktool\build\src\robotdataclient\robotdataclient.dir\debug\robotdata_imply.obj
c:\workspace\stationchecktool\build\src\robotdataclient\robotdataclient.dir\debug\envc.obj
c:\workspace\stationchecktool\build\src\robotdataclient\robotdataclient.dir\debug\robotdataclient.obj
c:\workspace\stationchecktool\build\src\robotdataclient\robotdataclient.dir\debug\robotdatac.obj
c:\workspace\stationchecktool\build\src\robotdataclient\cmakefiles\generate.stamp
c:\workspace\stationchecktool\temp\robotdataclient\debug\robotdataclient.ilk
c:\workspace\stationchecktool\temp\robotdataclient\debug\robotdataclient.dll
c:\workspace\stationchecktool\temp\robotdataclient\debug\robotdataclient.pdb
c:\workspace\stationchecktool\temp\robotdataclient\debug\robotdataclient.lib
c:\workspace\stationchecktool\temp\robotdataclient\debug\robotdataclient.exp
c:\workspace\stationchecktool\build\src\robotdataclient\robotdataclient.dir\debug\robotdataclient.tlog\cl.command.1.tlog
c:\workspace\stationchecktool\build\src\robotdataclient\robotdataclient.dir\debug\robotdataclient.tlog\cl.read.1.tlog
c:\workspace\stationchecktool\build\src\robotdataclient\robotdataclient.dir\debug\robotdataclient.tlog\cl.write.1.tlog
c:\workspace\stationchecktool\build\src\robotdataclient\robotdataclient.dir\debug\robotdataclient.tlog\custombuild.command.1.tlog
c:\workspace\stationchecktool\build\src\robotdataclient\robotdataclient.dir\debug\robotdataclient.tlog\custombuild.read.1.tlog
c:\workspace\stationchecktool\build\src\robotdataclient\robotdataclient.dir\debug\robotdataclient.tlog\custombuild.write.1.tlog
c:\workspace\stationchecktool\build\src\robotdataclient\robotdataclient.dir\debug\robotdataclient.tlog\link.command.1.tlog
c:\workspace\stationchecktool\build\src\robotdataclient\robotdataclient.dir\debug\robotdataclient.tlog\link.read.1.tlog
c:\workspace\stationchecktool\build\src\robotdataclient\robotdataclient.dir\debug\robotdataclient.tlog\link.write.1.tlog
c:\workspace\stationchecktool\build\src\robotdataclient\robotdataclient.dir\debug\robotdataclient.tlog\robotdataclient.write.1u.tlog
