c:\workspace\stationchecktool\build\stationchecktool.dir\debug\vc120.pdb
c:\workspace\stationchecktool\build\stationchecktool.dir\debug\qrc_stationrobottool.obj
c:\workspace\stationchecktool\build\stationchecktool.dir\debug\stationrobottool.obj
c:\workspace\stationchecktool\build\stationchecktool.dir\debug\main.obj
c:\workspace\stationchecktool\build\stationchecktool.dir\debug\taskdataview.obj
c:\workspace\stationchecktool\build\stationchecktool.dir\debug\taskcontrolview.obj
c:\workspace\stationchecktool\build\stationchecktool.dir\debug\stationdevicecontrolview.obj
c:\workspace\stationchecktool\build\stationchecktool.dir\debug\robotselfdataview.obj
c:\workspace\stationchecktool\build\stationchecktool.dir\debug\robotcontrolview.obj
c:\workspace\stationchecktool\build\stationchecktool.dir\debug\patroldataview.obj
c:\workspace\stationchecktool\build\stationchecktool.dir\debug\dataview.obj
c:\workspace\stationchecktool\build\stationchecktool.dir\debug\mocs_compilation.obj
c:\workspace\stationchecktool\build\ui_stationrobottool.h
c:\workspace\stationchecktool\build\qrc_stationrobottool.cpp
c:\workspace\stationchecktool\build\cmakefiles\generate.stamp
c:\workspace\stationchecktool\output\debug\stationchecktool.ilk
c:\workspace\stationchecktool\output\debug\stationchecktool.exe
c:\workspace\stationchecktool\output\debug\stationchecktool.pdb
c:\workspace\stationchecktool\build\stationchecktool.dir\debug\stationchecktool.tlog\cl.command.1.tlog
c:\workspace\stationchecktool\build\stationchecktool.dir\debug\stationchecktool.tlog\cl.read.1.tlog
c:\workspace\stationchecktool\build\stationchecktool.dir\debug\stationchecktool.tlog\cl.write.1.tlog
c:\workspace\stationchecktool\build\stationchecktool.dir\debug\stationchecktool.tlog\custombuild.command.1.tlog
c:\workspace\stationchecktool\build\stationchecktool.dir\debug\stationchecktool.tlog\custombuild.read.1.tlog
c:\workspace\stationchecktool\build\stationchecktool.dir\debug\stationchecktool.tlog\custombuild.write.1.tlog
c:\workspace\stationchecktool\build\stationchecktool.dir\debug\stationchecktool.tlog\link.command.1.tlog
c:\workspace\stationchecktool\build\stationchecktool.dir\debug\stationchecktool.tlog\link.read.1.tlog
c:\workspace\stationchecktool\build\stationchecktool.dir\debug\stationchecktool.tlog\link.write.1.tlog
